<?xml version="1.0" encoding="UTF-8"?>
<coverage generated="1674813972840" clover="3.2.0">
  <project timestamp="1674813972840" name="All files">
    <metrics statements="32" coveredstatements="32" conditionals="10" coveredconditionals="10" methods="8" coveredmethods="8" elements="50" coveredelements="50" complexity="0" loc="32" ncloc="32" packages="1" files="2" classes="2"/>
    <file name="calculadora.js" path="C:\Users\narco\Desktop\Virtual Studio Code\testing\calculadora.js">
      <metrics statements="18" coveredstatements="18" conditionals="6" coveredconditionals="6" methods="4" coveredmethods="4"/>
      <line num="1" count="1" type="stmt"/>
      <line num="2" count="1" type="cond" truecount="1" falsecount="0"/>
      <line num="3" count="6" type="stmt"/>
      <line num="4" count="6" type="stmt"/>
      <line num="5" count="1" type="cond" truecount="1" falsecount="0"/>
      <line num="6" count="6" type="stmt"/>
      <line num="7" count="6" type="stmt"/>
      <line num="8" count="1" type="cond" truecount="1" falsecount="0"/>
      <line num="9" count="6" type="stmt"/>
      <line num="10" count="6" type="stmt"/>
      <line num="11" count="1" type="cond" truecount="1" falsecount="0"/>
      <line num="12" count="8" type="stmt"/>
      <line num="13" count="8" type="cond" truecount="1" falsecount="0"/>
      <line num="14" count="7" type="stmt"/>
      <line num="15" count="8" type="cond" truecount="1" falsecount="0"/>
      <line num="16" count="1" type="stmt"/>
      <line num="17" count="1" type="stmt"/>
      <line num="18" count="1" type="stmt"/>
    </file>
    <file name="contador.js" path="C:\Users\narco\Desktop\Virtual Studio Code\testing\contador.js">
      <metrics statements="14" coveredstatements="14" conditionals="4" coveredconditionals="4" methods="4" coveredmethods="4"/>
      <line num="1" count="1" type="stmt"/>
      <line num="2" count="1" type="cond" truecount="1" falsecount="0"/>
      <line num="3" count="1" type="stmt"/>
      <line num="4" count="1" type="stmt"/>
      <line num="5" count="1" type="cond" truecount="1" falsecount="0"/>
      <line num="6" count="1" type="stmt"/>
      <line num="7" count="1" type="stmt"/>
      <line num="8" count="1" type="cond" truecount="1" falsecount="0"/>
      <line num="9" count="1" type="stmt"/>
      <line num="10" count="1" type="stmt"/>
      <line num="11" count="1" type="cond" truecount="1" falsecount="0"/>
      <line num="12" count="1" type="stmt"/>
      <line num="13" count="1" type="stmt"/>
      <line num="14" count="1" type="stmt"/>
    </file>
  </project>
</coverage>
