{"C:\\Users\\narco\\Desktop\\Virtual Studio Code\\testing\\calculadora.js": {"path":"C:\\Users\\narco\\Desktop\\Virtual Studio Code\\testing\\calculadora.js","all":false,"statementMap":{"0":{"start":{"line":1,"column":0},"end":{"line":1,"column":35}},"1":{"start":{"line":2,"column":0},"end":{"line":2,"column":22}},"2":{"start":{"line":3,"column":0},"end":{"line":3,"column":66}},"3":{"start":{"line":4,"column":0},"end":{"line":4,"column":6}},"4":{"start":{"line":5,"column":0},"end":{"line":5,"column":23}},"5":{"start":{"line":6,"column":0},"end":{"line":6,"column":66}},"6":{"start":{"line":7,"column":0},"end":{"line":7,"column":6}},"7":{"start":{"line":8,"column":0},"end":{"line":8,"column":32}},"8":{"start":{"line":9,"column":0},"end":{"line":9,"column":66}},"9":{"start":{"line":10,"column":0},"end":{"line":10,"column":6}},"10":{"start":{"line":11,"column":0},"end":{"line":11,"column":26}},"11":{"start":{"line":12,"column":0},"end":{"line":12,"column":77}},"12":{"start":{"line":13,"column":0},"end":{"line":13,"column":25}},"13":{"start":{"line":14,"column":0},"end":{"line":14,"column":28}},"14":{"start":{"line":15,"column":0},"end":{"line":15,"column":44}},"15":{"start":{"line":16,"column":0},"end":{"line":16,"column":23}},"16":{"start":{"line":17,"column":0},"end":{"line":17,"column":9}},"17":{"start":{"line":18,"column":0},"end":{"line":18,"column":6}}},"s":{"0":1,"1":1,"2":6,"3":6,"4":1,"5":6,"6":6,"7":1,"8":6,"9":6,"10":1,"11":8,"12":8,"13":7,"14":8,"15":1,"16":1,"17":1},"branchMap":{"0":{"type":"branch","line":2,"loc":{"start":{"line":2,"column":4},"end":{"line":4,"column":6}},"locations":[{"start":{"line":2,"column":4},"end":{"line":4,"column":6}}]},"1":{"type":"branch","line":5,"loc":{"start":{"line":5,"column":4},"end":{"line":7,"column":6}},"locations":[{"start":{"line":5,"column":4},"end":{"line":7,"column":6}}]},"2":{"type":"branch","line":8,"loc":{"start":{"line":8,"column":4},"end":{"line":10,"column":6}},"locations":[{"start":{"line":8,"column":4},"end":{"line":10,"column":6}}]},"3":{"type":"branch","line":11,"loc":{"start":{"line":11,"column":4},"end":{"line":18,"column":5}},"locations":[{"start":{"line":11,"column":4},"end":{"line":18,"column":5}}]},"4":{"type":"branch","line":13,"loc":{"start":{"line":13,"column":24},"end":{"line":15,"column":9}},"locations":[{"start":{"line":13,"column":24},"end":{"line":15,"column":9}}]},"5":{"type":"branch","line":15,"loc":{"start":{"line":15,"column":9},"end":{"line":18,"column":5}},"locations":[{"start":{"line":15,"column":9},"end":{"line":18,"column":5}}]}},"b":{"0":[6],"1":[6],"2":[6],"3":[8],"4":[7],"5":[1]},"fnMap":{"0":{"name":"suma","decl":{"start":{"line":2,"column":4},"end":{"line":4,"column":6}},"loc":{"start":{"line":2,"column":4},"end":{"line":4,"column":6}},"line":2},"1":{"name":"resta","decl":{"start":{"line":5,"column":4},"end":{"line":7,"column":6}},"loc":{"start":{"line":5,"column":4},"end":{"line":7,"column":6}},"line":5},"2":{"name":"multiplicacion","decl":{"start":{"line":8,"column":4},"end":{"line":10,"column":6}},"loc":{"start":{"line":8,"column":4},"end":{"line":10,"column":6}},"line":8},"3":{"name":"division","decl":{"start":{"line":11,"column":4},"end":{"line":18,"column":5}},"loc":{"start":{"line":11,"column":4},"end":{"line":18,"column":5}},"line":11}},"f":{"0":6,"1":6,"2":6,"3":8}}
,"C:\\Users\\narco\\Desktop\\Virtual Studio Code\\testing\\contador.js": {"path":"C:\\Users\\narco\\Desktop\\Virtual Studio Code\\testing\\contador.js","all":false,"statementMap":{"0":{"start":{"line":1,"column":0},"end":{"line":1,"column":33}},"1":{"start":{"line":2,"column":0},"end":{"line":2,"column":19}},"2":{"start":{"line":3,"column":0},"end":{"line":3,"column":23}},"3":{"start":{"line":4,"column":0},"end":{"line":4,"column":7}},"4":{"start":{"line":5,"column":0},"end":{"line":5,"column":21}},"5":{"start":{"line":6,"column":0},"end":{"line":6,"column":22}},"6":{"start":{"line":7,"column":0},"end":{"line":7,"column":7}},"7":{"start":{"line":8,"column":0},"end":{"line":8,"column":19}},"8":{"start":{"line":9,"column":0},"end":{"line":9,"column":22}},"9":{"start":{"line":10,"column":0},"end":{"line":10,"column":7}},"10":{"start":{"line":11,"column":0},"end":{"line":11,"column":14}},"11":{"start":{"line":12,"column":0},"end":{"line":12,"column":25}},"12":{"start":{"line":13,"column":0},"end":{"line":13,"column":7}},"13":{"start":{"line":14,"column":0},"end":{"line":14,"column":5}}},"s":{"0":1,"1":1,"2":1,"3":1,"4":1,"5":1,"6":1,"7":1,"8":1,"9":1,"10":1,"11":1,"12":1,"13":1},"branchMap":{"0":{"type":"branch","line":2,"loc":{"start":{"line":2,"column":4},"end":{"line":4,"column":7}},"locations":[{"start":{"line":2,"column":4},"end":{"line":4,"column":7}}]},"1":{"type":"branch","line":5,"loc":{"start":{"line":5,"column":6},"end":{"line":7,"column":7}},"locations":[{"start":{"line":5,"column":6},"end":{"line":7,"column":7}}]},"2":{"type":"branch","line":8,"loc":{"start":{"line":8,"column":6},"end":{"line":10,"column":7}},"locations":[{"start":{"line":8,"column":6},"end":{"line":10,"column":7}}]},"3":{"type":"branch","line":11,"loc":{"start":{"line":11,"column":6},"end":{"line":13,"column":7}},"locations":[{"start":{"line":11,"column":6},"end":{"line":13,"column":7}}]}},"b":{"0":[1],"1":[1],"2":[1],"3":[1]},"fnMap":{"0":{"name":"Contador","decl":{"start":{"line":2,"column":4},"end":{"line":4,"column":7}},"loc":{"start":{"line":2,"column":4},"end":{"line":4,"column":7}},"line":2},"1":{"name":"incremento","decl":{"start":{"line":5,"column":6},"end":{"line":7,"column":7}},"loc":{"start":{"line":5,"column":6},"end":{"line":7,"column":7}},"line":5},"2":{"name":"reinicio","decl":{"start":{"line":8,"column":6},"end":{"line":10,"column":7}},"loc":{"start":{"line":8,"column":6},"end":{"line":10,"column":7}},"line":8},"3":{"name":"get","decl":{"start":{"line":11,"column":6},"end":{"line":13,"column":7}},"loc":{"start":{"line":11,"column":6},"end":{"line":13,"column":7}},"line":11}},"f":{"0":1,"1":1,"2":1,"3":1}}
}
