TN:
SF:calculadora.js
FN:2,suma
FN:5,resta
FN:8,multiplicacion
FN:11,division
FNF:4
FNH:4
FNDA:6,suma
FNDA:6,resta
FNDA:6,multiplicacion
FNDA:8,division
DA:1,1
DA:2,1
DA:3,6
DA:4,6
DA:5,1
DA:6,6
DA:7,6
DA:8,1
DA:9,6
DA:10,6
DA:11,1
DA:12,8
DA:13,8
DA:14,7
DA:15,8
DA:16,1
DA:17,1
DA:18,1
LF:18
LH:18
BRDA:2,0,0,6
BRDA:5,1,0,6
BRDA:8,2,0,6
BRDA:11,3,0,8
BRDA:13,4,0,7
BRDA:15,5,0,1
BRF:6
BRH:6
end_of_record
TN:
SF:contador.js
FN:2,Contador
FN:5,incremento
FN:8,reinicio
FN:11,get
FNF:4
FNH:4
FNDA:1,Contador
FNDA:1,incremento
FNDA:1,reinicio
FNDA:1,get
DA:1,1
DA:2,1
DA:3,1
DA:4,1
DA:5,1
DA:6,1
DA:7,1
DA:8,1
DA:9,1
DA:10,1
DA:11,1
DA:12,1
DA:13,1
DA:14,1
LF:14
LH:14
BRDA:2,0,0,1
BRDA:5,1,0,1
BRDA:8,2,0,1
BRDA:11,3,0,1
BRF:4
BRH:4
end_of_record
